<?xml version="1.0" encoding="UTF-8"?>
<!-- Generated by org.testng.reporters.JUnitReportReporter -->
<testsuite hostname="DESKTOP-FAN78JE" failures="0" tests="4" name="testNGKeywords.TestNGKeywordsEg" time="0.045" errors="0" timestamp="2022-12-26T19:48:05 IST" skipped="0">
  <testcase classname="testNGKeywords.TestNGKeywordsEg" name="b" time="0.003"/>
  <system-out>
    <![CDATA[Test B is running]]>
  </system-out>
  <testcase classname="testNGKeywords.TestNGKeywordsEg" name="d" time="0.002"/>
  <system-out>
    <![CDATA[Test D is running]]>
  </system-out>
  <testcase classname="testNGKeywords.TestNGKeywordsEg" name="c" time="0.004"/>
  <system-out>
    <![CDATA[Test A is running]]>
  </system-out>
  <testcase classname="testNGKeywords.TestNGKeywordsEg" name="a" time="0.036"/>
  <system-out>
    <![CDATA[Test C is running]]>
  </system-out>
</testsuite> <!-- testNGKeywords.TestNGKeywordsEg -->
