<?xml version="1.0" encoding="UTF-8"?>
<!-- Generated by org.testng.reporters.JUnitReportReporter -->
<testsuite hostname="DESKTOP-FAN78JE" failures="0" tests="8" name="testNGKeywords.Priority" time="0.059" errors="0" timestamp="2022-12-26T19:57:10 IST" skipped="0">
  <testcase classname="testNGKeywords.Priority" name="b" time="0.023"/>
  <system-out>
    <![CDATA[Test B is running]]>
  </system-out>
  <testcase classname="testNGKeywords.Priority" name="a" time="0.006"/>
  <system-out>
    <![CDATA[Test C is running]]>
  </system-out>
  <testcase classname="testNGKeywords.Priority" name="d" time="0.003"/>
  <system-out>
    <![CDATA[Test D is running]]>
  </system-out>
  <testcase classname="testNGKeywords.Priority" name="c" time="0.007"/>
  <system-out>
    <![CDATA[Test A is running]]>
  </system-out>
  <testcase classname="testNGKeywords.Priority" name="c" time="0.005"/>
  <system-out>
    <![CDATA[Test A is running]]>
  </system-out>
  <testcase classname="testNGKeywords.Priority" name="c" time="0.010"/>
  <system-out>
    <![CDATA[Test A is running]]>
  </system-out>
  <testcase classname="testNGKeywords.Priority" name="c" time="0.004"/>
  <system-out>
    <![CDATA[Test A is running]]>
  </system-out>
  <testcase classname="testNGKeywords.Priority" name="c" time="0.001"/>
  <system-out>
    <![CDATA[Test A is running]]>
  </system-out>
</testsuite> <!-- testNGKeywords.Priority -->
