<?xml version="1.0" encoding="UTF-8"?>
<!-- Generated by org.testng.reporters.JUnitReportReporter -->
<testsuite hostname="DESKTOP-FAN78JE" failures="0" tests="6" name="testNGKeywords.DependsOnMethods" time="0.022" errors="0" timestamp="2022-12-26T21:01:53 IST" skipped="0">
  <testcase classname="testNGKeywords.DependsOnMethods" name="a" time="0.004"/>
  <system-out>
    <![CDATA[Test A is running]]>
  </system-out>
  <testcase classname="testNGKeywords.DependsOnMethods" name="b" time="0.003"/>
  <system-out>
    <![CDATA[Test B is running]]>
  </system-out>
  <testcase classname="testNGKeywords.DependsOnMethods" name="c" time="0.011"/>
  <system-out>
    <![CDATA[Test C is running]]>
  </system-out>
  <testcase classname="testNGKeywords.DependsOnMethods" name="d" time="0.002"/>
  <system-out>
    <![CDATA[Test D is running]]>
  </system-out>
  <testcase classname="testNGKeywords.DependsOnMethods" name="d" time="0.001"/>
  <system-out>
    <![CDATA[Test D is running]]>
  </system-out>
  <testcase classname="testNGKeywords.DependsOnMethods" name="d" time="0.001"/>
  <system-out>
    <![CDATA[Test D is running]]>
  </system-out>
</testsuite> <!-- testNGKeywords.DependsOnMethods -->
