<?xml version="1.0" encoding="UTF-8"?>
<!-- Generated by org.testng.reporters.JUnitReportReporter -->
<testsuite hostname="DESKTOP-FAN78JE" failures="0" tests="4" name="testNGxmlStudy.NeoStox2" time="0.006" errors="0" timestamp="2022-12-29T22:32:22 IST" skipped="0">
  <testcase classname="testNGxmlStudy.NeoStox2" name="i" time="0.001"/>
  <system-out>
    <![CDATA[TC i is running]]>
  </system-out>
  <testcase classname="testNGxmlStudy.NeoStox2" name="j" time="0.002"/>
  <system-out>
    <![CDATA[TC j is running]]>
  </system-out>
  <testcase classname="testNGxmlStudy.NeoStox2" name="g" time="0.001"/>
  <system-out>
    <![CDATA[TC g is running]]>
  </system-out>
  <testcase classname="testNGxmlStudy.NeoStox2" name="h" time="0.002"/>
  <system-out>
    <![CDATA[TC h is running]]>
  </system-out>
</testsuite> <!-- testNGxmlStudy.NeoStox2 -->
