<?xml version="1.0" encoding="UTF-8"?>
<!-- Generated by org.testng.reporters.JUnitReportReporter -->
<testsuite hostname="DESKTOP-FAN78JE" failures="0" tests="4" name="testNGKeywords.Enabled" time="0.025" errors="0" timestamp="2022-12-26T19:53:20 IST" skipped="1">
  <testcase classname="testNGKeywords.Enabled" name="c" time="0.002"/>
  <system-out>
    <![CDATA[Test A is running]]>
  </system-out>
  <testcase classname="testNGKeywords.Enabled" name="d" time="0.002"/>
  <system-out>
    <![CDATA[Test D is running]]>
  </system-out>
  <testcase classname="testNGKeywords.Enabled" name="a" time="0.021"/>
  <system-out>
    <![CDATA[Test C is running]]>
  </system-out>
  <testcase classname="testNGKeywords.Enabled" name="b">
    <skipped/>
  </testcase> <!-- b -->
  <system-out/>
</testsuite> <!-- testNGKeywords.Enabled -->
