<?xml version="1.0" encoding="UTF-8"?>
<!-- Generated by org.testng.reporters.JUnitReportReporter -->
<testsuite hostname="DESKTOP-FAN78JE" failures="0" tests="4" name="testNGKeywordsEg.NewTest" time="0.155" errors="0" timestamp="2022-12-26T19:44:29 IST" skipped="0">
  <testcase classname="testNGKeywordsEg.NewTest" name="c" time="0.002"/>
  <system-out>
    <![CDATA[Test C is running]]>
  </system-out>
  <testcase classname="testNGKeywordsEg.NewTest" name="d" time="0.002"/>
  <system-out>
    <![CDATA[Test D is running]]>
  </system-out>
  <testcase classname="testNGKeywordsEg.NewTest" name="b" time="0.003"/>
  <system-out>
    <![CDATA[Test B is running]]>
  </system-out>
  <testcase classname="testNGKeywordsEg.NewTest" name="a" time="0.148"/>
  <system-out>
    <![CDATA[Test A is running]]>
  </system-out>
</testsuite> <!-- testNGKeywordsEg.NewTest -->
