<?xml version="1.0" encoding="UTF-8"?>
<!-- Generated by org.testng.reporters.JUnitReportReporter -->
<testsuite hostname="DESKTOP-FAN78JE" failures="0" tests="1" name="neoStoxTestNGClass.ValidateNeoStoxUserName" time="63.551" errors="0" timestamp="2023-01-07T00:10:07 IST" skipped="0">
  <testcase classname="neoStoxTestNGClass.ValidateNeoStoxUserName" name="ValidateUserName" time="63.551"/>
  <system-out>
    <![CDATA[getting actual user name 
Actual username is --> Hi anjum shaikh
data is Hi anjum shaikh
Taking Screenshot
screenshot taken and saved at C:\Users\Anjum\eclipse-workspace\selenium_project\ScreenshotEg\TCID-1544.jpg]]>
  </system-out>
</testsuite> <!-- neoStoxTestNGClass.ValidateNeoStoxUserName -->
