<?xml version="1.0" encoding="UTF-8"?>
<!-- Generated by org.testng.reporters.JUnitReportReporter -->
<testsuite hostname="DESKTOP-FAN78JE" failures="0" tests="2" name="testNGStudy.TestNGSample1" time="187.611" errors="0" timestamp="2022-12-24T14:37:03 IST" skipped="0">
  <testcase classname="testNGStudy.TestNGSample1" name="NeostoxLaunch" time="67.970"/>
  <system-out>
    <![CDATA[This is reporter
This is reporter to test]]>
  </system-out>
  <testcase classname="testNGStudy.TestNGSample1" name="UpstoxLaunch" time="119.641"/>
  <system-out>
    <![CDATA[This is reporter
This is reporter to test]]>
  </system-out>
</testsuite> <!-- testNGStudy.TestNGSample1 -->
