<?xml version="1.0" encoding="UTF-8"?>
<!-- Generated by org.testng.reporters.JUnitReportReporter -->
<testsuite hostname="DESKTOP-FAN78JE" failures="0" tests="3" name="testNGxmlStudy.NeoStox1" time="0.012" errors="0" timestamp="2022-12-29T22:32:22 IST" skipped="0">
  <testcase classname="testNGxmlStudy.NeoStox1" name="b" time="0.010"/>
  <system-out>
    <![CDATA[TC b is running]]>
  </system-out>
  <testcase classname="testNGxmlStudy.NeoStox1" name="d" time="0.000"/>
  <system-out>
    <![CDATA[TC d is running]]>
  </system-out>
  <testcase classname="testNGxmlStudy.NeoStox1" name="e" time="0.002"/>
  <system-out>
    <![CDATA[TC e is running]]>
  </system-out>
</testsuite> <!-- testNGxmlStudy.NeoStox1 -->
