<?xml version="1.0" encoding="UTF-8"?>
<!-- Generated by org.testng.reporters.JUnitReportReporter -->
<testsuite hostname="DESKTOP-FAN78JE" failures="0" tests="1" name="testNGAssertion.RadioButtonValidation" time="98.531" errors="0" timestamp="2022-12-31T21:48:30 IST" skipped="0">
  <testcase classname="testNGAssertion.RadioButtonValidation" name="ValidateRadionButtonStatus" time="98.531"/>
  <system-out/>
</testsuite> <!-- testNGAssertion.RadioButtonValidation -->
