<?xml version="1.0" encoding="UTF-8"?>
<!-- Generated by org.testng.reporters.JUnitReportReporter -->
<testsuite hostname="DESKTOP-FAN78JE" failures="0" tests="8" name="testNGKeywords.InvocationCount" time="0.024" errors="0" timestamp="2022-12-26T19:50:47 IST" skipped="0">
  <testcase classname="testNGKeywords.InvocationCount" name="d" time="0.002"/>
  <system-out>
    <![CDATA[Test D is running]]>
  </system-out>
  <testcase classname="testNGKeywords.InvocationCount" name="c" time="0.001"/>
  <system-out>
    <![CDATA[Test A is running]]>
  </system-out>
  <testcase classname="testNGKeywords.InvocationCount" name="b" time="0.002"/>
  <system-out>
    <![CDATA[Test B is running]]>
  </system-out>
  <testcase classname="testNGKeywords.InvocationCount" name="c" time="0.002"/>
  <system-out>
    <![CDATA[Test A is running]]>
  </system-out>
  <testcase classname="testNGKeywords.InvocationCount" name="c" time="0.002"/>
  <system-out>
    <![CDATA[Test A is running]]>
  </system-out>
  <testcase classname="testNGKeywords.InvocationCount" name="a" time="0.011"/>
  <system-out>
    <![CDATA[Test C is running]]>
  </system-out>
  <testcase classname="testNGKeywords.InvocationCount" name="c" time="0.002"/>
  <system-out>
    <![CDATA[Test A is running]]>
  </system-out>
  <testcase classname="testNGKeywords.InvocationCount" name="c" time="0.002"/>
  <system-out>
    <![CDATA[Test A is running]]>
  </system-out>
</testsuite> <!-- testNGKeywords.InvocationCount -->
