<?xml version="1.0" encoding="UTF-8"?>
<!-- Generated by org.testng.reporters.JUnitReportReporter -->
<testsuite hostname="DESKTOP-FAN78JE" failures="0" tests="1" name="crossBrowserTesting.GeckoTesting" time="143.787" errors="0" timestamp="2023-01-02T20:24:24 IST" skipped="0">
  <testcase classname="crossBrowserTesting.GeckoTesting" name="firefoxTest" time="143.787"/>
  <system-out/>
</testsuite> <!-- crossBrowserTesting.GeckoTesting -->
