<?xml version="1.0" encoding="UTF-8"?>
<!-- Generated by org.testng.reporters.JUnitReportReporter -->
<testsuite hostname="DESKTOP-FAN78JE" failures="0" tests="2" name="testNGAnnotations.BeforeClassUse" time="0.014" errors="0" timestamp="2022-12-24T21:24:57 IST" skipped="0">
  <testcase classname="testNGAnnotations.BeforeClassUse" name="TC2" time="0.007"/>
  <system-out>
    <![CDATA[TC2 is running]]>
  </system-out>
  <testcase classname="testNGAnnotations.BeforeClassUse" name="TC1" time="0.007"/>
  <system-out>
    <![CDATA[TC1 is running]]>
  </system-out>
</testsuite> <!-- testNGAnnotations.BeforeClassUse -->
