<?xml version="1.0" encoding="UTF-8"?>
<!-- Generated by org.testng.reporters.JUnitReportReporter -->
<testsuite hostname="DESKTOP-FAN78JE" failures="0" tests="1" name="neoStoxPOMClassesUsingDDF.NeostoxTestNGClass" time="38.340" errors="0" timestamp="2023-01-04T21:18:26 IST" skipped="0">
  <testcase classname="neoStoxPOMClassesUsingDDF.NeostoxTestNGClass" name="ValidateUserName" time="38.340"/>
  <system-out>
    <![CDATA[Validating user names]]>
  </system-out>
</testsuite> <!-- neoStoxPOMClassesUsingDDF.NeostoxTestNGClass -->
