<?xml version="1.0" encoding="UTF-8"?>
<!-- Generated by org.testng.reporters.JUnitReportReporter -->
<testsuite hostname="DESKTOP-FAN78JE" failures="0" tests="2" name="crossBrowserTesting.MultiBrowserTest" time="203.864" errors="0" timestamp="2023-01-03T23:05:53 IST" skipped="0">
  <testcase classname="crossBrowserTesting.MultiBrowserTest" name="cbTesting" time="102.314"/>
  <system-out/>
  <testcase classname="crossBrowserTesting.MultiBrowserTest" name="cbTesting" time="101.550"/>
  <system-out/>
</testsuite> <!-- crossBrowserTesting.MultiBrowserTest -->
