<?xml version="1.0" encoding="UTF-8"?>
<!-- Generated by org.testng.reporters.JUnitReportReporter -->
<testsuite hostname="DESKTOP-FAN78JE" failures="0" tests="2" name="testNGAnnotations.NeostoxTesting" time="0.026" errors="0" timestamp="2022-12-24T21:24:56 IST" skipped="0">
  <testcase classname="testNGAnnotations.NeostoxTesting" name="ValidateAccBalance" time="0.021"/>
  <system-out>
    <![CDATA[ValidateAccBalance is running ]]>
  </system-out>
  <testcase classname="testNGAnnotations.NeostoxTesting" name="ValidateUserID" time="0.005"/>
  <system-out>
    <![CDATA[Validate user ID is running]]>
  </system-out>
</testsuite> <!-- testNGAnnotations.NeostoxTesting -->
